Build started 16/02/2015 12:25:25.
     1>Project "F:\Year 2\I - GFX Programming\Assignments\Assignment 2\Lab14\PGG_Lab14\PGG_Lab14\PGG_Lab14.vcxproj" on node 2 (build target(s)).
     1>InitializeBuildStatus:
         Creating "Debug\PGG_L.B - 2.unsuccessfulbuild" because "AlwaysCreate" was specified.
       ClCompile:
         C:\Program Files (x86)\Microsoft Visual Studio 10.0\VC\bin\CL.exe /c /IC:\SDKs\glm /I"C:\SDKs\SDL\SDL2-devel-2.0.3-VC\SDL2-2.0.3\include" /ZI /nologo /W3 /WX- /Od /Oy- /D WIN32 /D _DEBUG /D _CONSOLE /D GLEW_STATIC /D _UNICODE /D UNICODE /Gm /EHsc /RTC1 /MDd /GS /fp:precise /Zc:wchar_t /Zc:forScope /Fo"Debug\\" /Fd"Debug\vc100.pdb" /Gd /TP /analyze- /errorReport:prompt GameModel.cpp Main.cpp
         Main.cpp
     1>f:\year 2\i - gfx programming\assignments\assignment 2\lab14\pgg_lab14\pgg_lab14\main.cpp(80): warning C4244: 'initializing' : conversion from 'time_t' to 'unsigned int', possible loss of data
     1>f:\year 2\i - gfx programming\assignments\assignment 2\lab14\pgg_lab14\pgg_lab14\main.cpp(143): warning C4244: 'initializing' : conversion from 'int' to 'float', possible loss of data
     1>f:\year 2\i - gfx programming\assignments\assignment 2\lab14\pgg_lab14\pgg_lab14\main.cpp(144): warning C4244: 'initializing' : conversion from 'int' to 'float', possible loss of data
     1>f:\year 2\i - gfx programming\assignments\assignment 2\lab14\pgg_lab14\pgg_lab14\main.cpp(145): warning C4244: 'initializing' : conversion from 'int' to 'float', possible loss of data
     1>f:\year 2\i - gfx programming\assignments\assignment 2\lab14\pgg_lab14\pgg_lab14\main.cpp(261): warning C4018: '<' : signed/unsigned mismatch
     1>f:\year 2\i - gfx programming\assignments\assignment 2\lab14\pgg_lab14\pgg_lab14\main.cpp(266): warning C4018: '<' : signed/unsigned mismatch
     1>f:\year 2\i - gfx programming\assignments\assignment 2\lab14\pgg_lab14\pgg_lab14\main.cpp(268): warning C4018: '<' : signed/unsigned mismatch
     1>f:\year 2\i - gfx programming\assignments\assignment 2\lab14\pgg_lab14\pgg_lab14\main.cpp(297): warning C4018: '<' : signed/unsigned mismatch
         GameModel.cpp
     1>f:\year 2\i - gfx programming\assignments\assignment 2\lab14\pgg_lab14\pgg_lab14\gamemodel.cpp(336): warning C4305: '-=' : truncation from 'double' to 'float'
         Generating Code...
       ManifestResourceCompile:
         C:\Program Files (x86)\Microsoft SDKs\Windows\v7.0A\bin\rc.exe /nologo /fo"Debug\PGG_L.B - 2.exe.embed.manifest.res" "Debug\PGG_L.B - 2_manifest.rc" 
       Link:
         C:\Program Files (x86)\Microsoft Visual Studio 10.0\VC\bin\link.exe /ERRORREPORT:PROMPT /OUT:"F:\Year 2\I - GFX Programming\Assignments\Assignment 2\Lab14\PGG_Lab14\Debug\PGG_L.B - 2.exe" /INCREMENTAL /NOLOGO /LIBPATH:"C:\SDKs\SDL\SDL2-devel-2.0.3-VC\SDL2-2.0.3\lib\x86" SDL2.lib SDL2main.lib OpenGL32.lib kernel32.lib user32.lib gdi32.lib winspool.lib comdlg32.lib advapi32.lib shell32.lib ole32.lib oleaut32.lib uuid.lib odbc32.lib odbccp32.lib /MANIFEST /ManifestFile:"Debug\PGG_L.B - 2.exe.intermediate.manifest" /MANIFESTUAC:"level='asInvoker' uiAccess='false'" /DEBUG /PDB:"F:\Year 2\I - GFX Programming\Assignments\Assignment 2\Lab14\PGG_Lab14\Debug\PGG_L.B - 2.pdb" /SUBSYSTEM:CONSOLE /TLBID:1 /DYNAMICBASE /NXCOMPAT /IMPLIB:"F:\Year 2\I - GFX Programming\Assignments\Assignment 2\Lab14\PGG_Lab14\Debug\PGG_L.B - 2.lib" /MACHINE:X86 "Debug\PGG_L.B - 2.exe.embed.manifest.res"
         Debug\GameModel.obj
         Debug\glew.obj
         Debug\Main.obj
     1>MSVCRTD.lib(cinitexe.obj) : warning LNK4098: defaultlib 'msvcrt.lib' conflicts with use of other libs; use /NODEFAULTLIB:library
       Manifest:
         C:\Program Files (x86)\Microsoft SDKs\Windows\v7.0A\bin\mt.exe /nologo /verbose /out:"Debug\PGG_L.B - 2.exe.embed.manifest" /manifest "Debug\PGG_L.B - 2.exe.intermediate.manifest"
         C:\Program Files (x86)\Microsoft SDKs\Windows\v7.0A\bin\rc.exe /nologo /fo"Debug\PGG_L.B - 2.exe.embed.manifest.res" "Debug\PGG_L.B - 2_manifest.rc" 
       LinkEmbedManifest:
         C:\Program Files (x86)\Microsoft Visual Studio 10.0\VC\bin\link.exe /ERRORREPORT:PROMPT /OUT:"F:\Year 2\I - GFX Programming\Assignments\Assignment 2\Lab14\PGG_Lab14\Debug\PGG_L.B - 2.exe" /INCREMENTAL /NOLOGO /LIBPATH:"C:\SDKs\SDL\SDL2-devel-2.0.3-VC\SDL2-2.0.3\lib\x86" SDL2.lib SDL2main.lib OpenGL32.lib kernel32.lib user32.lib gdi32.lib winspool.lib comdlg32.lib advapi32.lib shell32.lib ole32.lib oleaut32.lib uuid.lib odbc32.lib odbccp32.lib /MANIFEST /ManifestFile:"Debug\PGG_L.B - 2.exe.intermediate.manifest" /MANIFESTUAC:"level='asInvoker' uiAccess='false'" /DEBUG /PDB:"F:\Year 2\I - GFX Programming\Assignments\Assignment 2\Lab14\PGG_Lab14\Debug\PGG_L.B - 2.pdb" /SUBSYSTEM:CONSOLE /TLBID:1 /DYNAMICBASE /NXCOMPAT /IMPLIB:"F:\Year 2\I - GFX Programming\Assignments\Assignment 2\Lab14\PGG_Lab14\Debug\PGG_L.B - 2.lib" /MACHINE:X86 "Debug\PGG_L.B - 2.exe.embed.manifest.res"
         Debug\GameModel.obj
         Debug\glew.obj
         Debug\Main.obj
     1>MSVCRTD.lib(cinitexe.obj) : warning LNK4098: defaultlib 'msvcrt.lib' conflicts with use of other libs; use /NODEFAULTLIB:library
         PGG_Lab14.vcxproj -> F:\Year 2\I - GFX Programming\Assignments\Assignment 2\Lab14\PGG_Lab14\Debug\PGG_L.B - 2.exe
       FinalizeBuildStatus:
         Deleting file "Debug\PGG_L.B - 2.unsuccessfulbuild".
         Touching "Debug\PGG_L.B - 2.lastbuildstate".
     1>Done Building Project "F:\Year 2\I - GFX Programming\Assignments\Assignment 2\Lab14\PGG_Lab14\PGG_Lab14\PGG_Lab14.vcxproj" (build target(s)).

Build succeeded.

Time Elapsed 00:00:04.63
